1670427559419	geckodriver	INFO	Listening on 127.0.0.1:58210
1670427562445	mozrunner::runner	INFO	Running command: "C:\\Program Files\\Mozilla Firefox\\firefox.exe" "--marionette" "--headless" "--remote-debugging-port" "58211" "--remote-allow-hosts" "localhost" "-no-remote" "-profile" "C:\\Users\\Mike\\AppData\\Local\\Temp\\rust_mozprofileyAAlNq"
*** You are running in headless mode.
1670427562781	Marionette	INFO	Marionette enabled
[GFX1-]: RenderCompositorSWGL failed mapping default framebuffer, no dt
console.warn: SearchSettings: "get: No settings file exists, new profile?" (new NotFoundError("Could not open the file at C:\\Users\\Mike\\AppData\\Local\\Temp\\rust_mozprofileyAAlNq\\search.json.mozlz4", (void 0)))
DevTools listening on ws://localhost:58211/devtools/browser/0b660bf6-b545-447d-a460-54d644fc9e0b
1670427564121	Marionette	INFO	Listening on port 58216
1670427564478	RemoteAgent	WARN	TLS certificate errors will be ignored for this session
1670427571949	Marionette	INFO	Stopped listening on port 58216
JavaScript error: resource:///modules/Interactions.jsm, line 209: NS_ERROR_FAILURE: Component returned failure code: 0x80004005 (NS_ERROR_FAILURE) [nsIUserIdleService.removeIdleObserver]
!!! error running onStopped callback: TypeError: callback is not a function

###!!! [Parent][RunMessage] Error: Channel closing: too late to send/recv, messages will be lost

1670427572320	RemoteAgent	ERROR	unable to stop listener: [Exception... "Component returned failure code: 0x8000ffff (NS_ERROR_UNEXPECTED) [nsIWindowMediator.getEnumerator]"  nsresult: "0x8000ffff (NS_ERROR_UNEXPECTED)"  location: "JS frame :: chrome://remote/content/cdp/observers/TargetObserver.jsm :: stop :: line 64"  data: no] Stack trace: stop()@TargetObserver.jsm:64
unwatchForTabs()@TargetList.jsm:70
unwatchForTargets()@TargetList.jsm:37
destructor()@TargetList.jsm:109
stop()@CDP.jsm:104
close()@RemoteAgent.jsm:138
1670427593949	geckodriver	INFO	Listening on 127.0.0.1:58315
1670427596993	mozrunner::runner	INFO	Running command: "C:\\Program Files\\Mozilla Firefox\\firefox.exe" "--marionette" "--headless" "--remote-debugging-port" "58316" "--remote-allow-hosts" "localhost" "-no-remote" "-profile" "C:\\Users\\Mike\\AppData\\Local\\Temp\\rust_mozprofileITMeW4"
*** You are running in headless mode.
1670427597349	Marionette	INFO	Marionette enabled
[GFX1-]: RenderCompositorSWGL failed mapping default framebuffer, no dt
console.warn: SearchSettings: "get: No settings file exists, new profile?" (new NotFoundError("Could not open the file at C:\\Users\\Mike\\AppData\\Local\\Temp\\rust_mozprofileITMeW4\\search.json.mozlz4", (void 0)))
DevTools listening on ws://localhost:58316/devtools/browser/0b3e7556-a8ad-4509-ae3c-7304d09f8276
1670427598878	Marionette	INFO	Listening on port 58322
1670427599052	RemoteAgent	WARN	TLS certificate errors will be ignored for this session
1670427605999	Marionette	INFO	Stopped listening on port 58322
JavaScript error: resource:///modules/Interactions.jsm, line 209: NS_ERROR_FAILURE: Component returned failure code: 0x80004005 (NS_ERROR_FAILURE) [nsIUserIdleService.removeIdleObserver]
!!! error running onStopped callback: TypeError: callback is not a function
1670427606452	RemoteAgent	ERROR	unable to stop listener: [Exception... "Component returned failure code: 0x8000ffff (NS_ERROR_UNEXPECTED) [nsIWindowMediator.getEnumerator]"  nsresult: "0x8000ffff (NS_ERROR_UNEXPECTED)"  location: "JS frame :: chrome://remote/content/cdp/observers/TargetObserver.jsm :: stop :: line 64"  data: no] Stack trace: stop()@TargetObserver.jsm:64
unwatchForTabs()@TargetList.jsm:70
unwatchForTargets()@TargetList.jsm:37
destructor()@TargetList.jsm:109
stop()@CDP.jsm:104
close()@RemoteAgent.jsm:138
1670427613726	geckodriver	INFO	Listening on 127.0.0.1:58433
1670427616773	mozrunner::runner	INFO	Running command: "C:\\Program Files\\Mozilla Firefox\\firefox.exe" "--marionette" "--headless" "--remote-debugging-port" "58434" "--remote-allow-hosts" "localhost" "-no-remote" "-profile" "C:\\Users\\Mike\\AppData\\Local\\Temp\\rust_mozprofilexr3ahs"
*** You are running in headless mode.
1670427617132	Marionette	INFO	Marionette enabled
[GFX1-]: RenderCompositorSWGL failed mapping default framebuffer, no dt
console.warn: SearchSettings: "get: No settings file exists, new profile?" (new NotFoundError("Could not open the file at C:\\Users\\Mike\\AppData\\Local\\Temp\\rust_mozprofilexr3ahs\\search.json.mozlz4", (void 0)))
DevTools listening on ws://localhost:58434/devtools/browser/71952f09-1d4c-4539-9757-ba158209e4f9
1670427618729	Marionette	INFO	Listening on port 58444
1670427618823	RemoteAgent	WARN	TLS certificate errors will be ignored for this session
1670427625379	Marionette	INFO	Stopped listening on port 58444
JavaScript error: resource:///modules/Interactions.jsm, line 209: NS_ERROR_FAILURE: Component returned failure code: 0x80004005 (NS_ERROR_FAILURE) [nsIUserIdleService.removeIdleObserver]
!!! error running onStopped callback: TypeError: callback is not a function

###!!! [Parent][RunMessage] Error: Channel closing: too late to send/recv, messages will be lost

1670427625796	RemoteAgent	ERROR	unable to stop listener: [Exception... "Component returned failure code: 0x8000ffff (NS_ERROR_UNEXPECTED) [nsIWindowMediator.getEnumerator]"  nsresult: "0x8000ffff (NS_ERROR_UNEXPECTED)"  location: "JS frame :: chrome://remote/content/cdp/observers/TargetObserver.jsm :: stop :: line 64"  data: no] Stack trace: stop()@TargetObserver.jsm:64
unwatchForTabs()@TargetList.jsm:70
unwatchForTargets()@TargetList.jsm:37
destructor()@TargetList.jsm:109
stop()@CDP.jsm:104
close()@RemoteAgent.jsm:138
1670428217968	geckodriver	INFO	Listening on 127.0.0.1:59027
1670428221003	mozrunner::runner	INFO	Running command: "C:\\Program Files\\Mozilla Firefox\\firefox.exe" "--marionette" "--headless" "--remote-debugging-port" "59028" "--remote-allow-hosts" "localhost" "-no-remote" "-profile" "C:\\Users\\Mike\\AppData\\Local\\Temp\\rust_mozprofilev8dXNM"
*** You are running in headless mode.
1670428221344	Marionette	INFO	Marionette enabled
[GFX1-]: RenderCompositorSWGL failed mapping default framebuffer, no dt
console.warn: SearchSettings: "get: No settings file exists, new profile?" (new NotFoundError("Could not open the file at C:\\Users\\Mike\\AppData\\Local\\Temp\\rust_mozprofilev8dXNM\\search.json.mozlz4", (void 0)))
DevTools listening on ws://localhost:59028/devtools/browser/98821ccc-09e3-450b-8dd3-248cd05b1f30
1670428222711	Marionette	INFO	Listening on port 59035
1670428223061	RemoteAgent	WARN	TLS certificate errors will be ignored for this session
1670428230023	Marionette	INFO	Stopped listening on port 59035
JavaScript error: resource:///modules/Interactions.jsm, line 209: NS_ERROR_FAILURE: Component returned failure code: 0x80004005 (NS_ERROR_FAILURE) [nsIUserIdleService.removeIdleObserver]
!!! error running onStopped callback: TypeError: callback is not a function

###!!! [Parent][RunMessage] Error: Channel closing: too late to send/recv, messages will be lost

1670428230427	RemoteAgent	ERROR	unable to stop listener: [Exception... "Component returned failure code: 0x8000ffff (NS_ERROR_UNEXPECTED) [nsIWindowMediator.getEnumerator]"  nsresult: "0x8000ffff (NS_ERROR_UNEXPECTED)"  location: "JS frame :: chrome://remote/content/cdp/observers/TargetObserver.jsm :: stop :: line 64"  data: no] Stack trace: stop()@TargetObserver.jsm:64
unwatchForTabs()@TargetList.jsm:70
unwatchForTargets()@TargetList.jsm:37
destructor()@TargetList.jsm:109
stop()@CDP.jsm:104
close()@RemoteAgent.jsm:138
1670428237217	geckodriver	INFO	Listening on 127.0.0.1:59143
1670428240275	mozrunner::runner	INFO	Running command: "C:\\Program Files\\Mozilla Firefox\\firefox.exe" "--marionette" "--headless" "--remote-debugging-port" "59144" "--remote-allow-hosts" "localhost" "-no-remote" "-profile" "C:\\Users\\Mike\\AppData\\Local\\Temp\\rust_mozprofileQmFbAI"
*** You are running in headless mode.
1670428240591	Marionette	INFO	Marionette enabled
[GFX1-]: RenderCompositorSWGL failed mapping default framebuffer, no dt
console.warn: SearchSettings: "get: No settings file exists, new profile?" (new NotFoundError("Could not open the file at C:\\Users\\Mike\\AppData\\Local\\Temp\\rust_mozprofileQmFbAI\\search.json.mozlz4", (void 0)))
DevTools listening on ws://localhost:59144/devtools/browser/da237f91-e909-49be-9be0-c7a25c51a068
1670428241928	Marionette	INFO	Listening on port 59150
1670428242318	RemoteAgent	WARN	TLS certificate errors will be ignored for this session
1670428250139	Marionette	INFO	Stopped listening on port 59150
JavaScript error: resource:///modules/Interactions.jsm, line 209: NS_ERROR_FAILURE: Component returned failure code: 0x80004005 (NS_ERROR_FAILURE) [nsIUserIdleService.removeIdleObserver]
!!! error running onStopped callback: TypeError: callback is not a function

###!!! [Parent][RunMessage] Error: Channel closing: too late to send/recv, messages will be lost

1670428250514	RemoteAgent	ERROR	unable to stop listener: [Exception... "Component returned failure code: 0x8000ffff (NS_ERROR_UNEXPECTED) [nsIWindowMediator.getEnumerator]"  nsresult: "0x8000ffff (NS_ERROR_UNEXPECTED)"  location: "JS frame :: chrome://remote/content/cdp/observers/TargetObserver.jsm :: stop :: line 64"  data: no] Stack trace: stop()@TargetObserver.jsm:64
unwatchForTabs()@TargetList.jsm:70
unwatchForTargets()@TargetList.jsm:37
destructor()@TargetList.jsm:109
stop()@CDP.jsm:104
close()@RemoteAgent.jsm:138
1670429406532	geckodriver	INFO	Listening on 127.0.0.1:59723
1670429409575	mozrunner::runner	INFO	Running command: "C:\\Program Files\\Mozilla Firefox\\firefox.exe" "--marionette" "--headless" "--remote-debugging-port" "59724" "--remote-allow-hosts" "localhost" "-no-remote" "-profile" "C:\\Users\\Mike\\AppData\\Local\\Temp\\rust_mozprofilep6hfxQ"
*** You are running in headless mode.
1670429409977	Marionette	INFO	Marionette enabled
[GFX1-]: RenderCompositorSWGL failed mapping default framebuffer, no dt
console.warn: SearchSettings: "get: No settings file exists, new profile?" (new NotFoundError("Could not open the file at C:\\Users\\Mike\\AppData\\Local\\Temp\\rust_mozprofilep6hfxQ\\search.json.mozlz4", (void 0)))
DevTools listening on ws://localhost:59724/devtools/browser/4763e45a-f4e3-4004-b7ef-0f3394415edb
1670429411586	Marionette	INFO	Listening on port 59730
1670429411650	RemoteAgent	WARN	TLS certificate errors will be ignored for this session
1670429418514	Marionette	INFO	Stopped listening on port 59730
JavaScript error: resource:///modules/Interactions.jsm, line 209: NS_ERROR_FAILURE: Component returned failure code: 0x80004005 (NS_ERROR_FAILURE) [nsIUserIdleService.removeIdleObserver]
!!! error running onStopped callback: TypeError: callback is not a function
1670429418907	RemoteAgent	ERROR	unable to stop listener: [Exception... "Component returned failure code: 0x8000ffff (NS_ERROR_UNEXPECTED) [nsIWindowMediator.getEnumerator]"  nsresult: "0x8000ffff (NS_ERROR_UNEXPECTED)"  location: "JS frame :: chrome://remote/content/cdp/observers/TargetObserver.jsm :: stop :: line 64"  data: no] Stack trace: stop()@TargetObserver.jsm:64
unwatchForTabs()@TargetList.jsm:70
unwatchForTargets()@TargetList.jsm:37
destructor()@TargetList.jsm:109
stop()@CDP.jsm:104
close()@RemoteAgent.jsm:138
1670429426062	geckodriver	INFO	Listening on 127.0.0.1:59845
1670429429119	mozrunner::runner	INFO	Running command: "C:\\Program Files\\Mozilla Firefox\\firefox.exe" "--marionette" "--headless" "--remote-debugging-port" "59846" "--remote-allow-hosts" "localhost" "-no-remote" "-profile" "C:\\Users\\Mike\\AppData\\Local\\Temp\\rust_mozprofileMJtfrZ"
*** You are running in headless mode.
1670429429443	Marionette	INFO	Marionette enabled
[GFX1-]: RenderCompositorSWGL failed mapping default framebuffer, no dt
console.warn: SearchSettings: "get: No settings file exists, new profile?" (new NotFoundError("Could not open the file at C:\\Users\\Mike\\AppData\\Local\\Temp\\rust_mozprofileMJtfrZ\\search.json.mozlz4", (void 0)))
DevTools listening on ws://localhost:59846/devtools/browser/5f2d212a-ff5f-4473-84c7-65d2b3d476df
1670429430820	Marionette	INFO	Listening on port 59851
1670429431163	RemoteAgent	WARN	TLS certificate errors will be ignored for this session
1670429438449	Marionette	INFO	Stopped listening on port 59851
JavaScript error: resource:///modules/Interactions.jsm, line 209: NS_ERROR_FAILURE: Component returned failure code: 0x80004005 (NS_ERROR_FAILURE) [nsIUserIdleService.removeIdleObserver]
!!! error running onStopped callback: TypeError: callback is not a function

###!!! [Parent][RunMessage] Error: Channel closing: too late to send/recv, messages will be lost

1670429438852	RemoteAgent	ERROR	unable to stop listener: [Exception... "Component returned failure code: 0x8000ffff (NS_ERROR_UNEXPECTED) [nsIWindowMediator.getEnumerator]"  nsresult: "0x8000ffff (NS_ERROR_UNEXPECTED)"  location: "JS frame :: chrome://remote/content/cdp/observers/TargetObserver.jsm :: stop :: line 64"  data: no] Stack trace: stop()@TargetObserver.jsm:64
unwatchForTabs()@TargetList.jsm:70
unwatchForTargets()@TargetList.jsm:37
destructor()@TargetList.jsm:109
stop()@CDP.jsm:104
close()@RemoteAgent.jsm:138
1670429466664	geckodriver	INFO	Listening on 127.0.0.1:59975
1670429469678	mozrunner::runner	INFO	Running command: "C:\\Program Files\\Mozilla Firefox\\firefox.exe" "--marionette" "--headless" "--remote-debugging-port" "59976" "--remote-allow-hosts" "localhost" "-no-remote" "-profile" "C:\\Users\\Mike\\AppData\\Local\\Temp\\rust_mozprofileVQTdQi"
*** You are running in headless mode.
1670429470046	Marionette	INFO	Marionette enabled
[GFX1-]: RenderCompositorSWGL failed mapping default framebuffer, no dt
console.warn: SearchSettings: "get: No settings file exists, new profile?" (new NotFoundError("Could not open the file at C:\\Users\\Mike\\AppData\\Local\\Temp\\rust_mozprofileVQTdQi\\search.json.mozlz4", (void 0)))
DevTools listening on ws://localhost:59976/devtools/browser/b540bae3-d989-4415-a099-b9999c6cd465
1670429471586	Marionette	INFO	Listening on port 59981
1670429471738	RemoteAgent	WARN	TLS certificate errors will be ignored for this session
1670429478408	Marionette	INFO	Stopped listening on port 59981
JavaScript error: resource:///modules/Interactions.jsm, line 209: NS_ERROR_FAILURE: Component returned failure code: 0x80004005 (NS_ERROR_FAILURE) [nsIUserIdleService.removeIdleObserver]
!!! error running onStopped callback: TypeError: callback is not a function

###!!! [Parent][RunMessage] Error: Channel closing: too late to send/recv, messages will be lost

1670429478843	RemoteAgent	ERROR	unable to stop listener: [Exception... "Component returned failure code: 0x8000ffff (NS_ERROR_UNEXPECTED) [nsIWindowMediator.getEnumerator]"  nsresult: "0x8000ffff (NS_ERROR_UNEXPECTED)"  location: "JS frame :: chrome://remote/content/cdp/observers/TargetObserver.jsm :: stop :: line 64"  data: no] Stack trace: stop()@TargetObserver.jsm:64
unwatchForTabs()@TargetList.jsm:70
unwatchForTargets()@TargetList.jsm:37
destructor()@TargetList.jsm:109
stop()@CDP.jsm:104
close()@RemoteAgent.jsm:138
1670429485876	geckodriver	INFO	Listening on 127.0.0.1:60072
1670429488908	mozrunner::runner	INFO	Running command: "C:\\Program Files\\Mozilla Firefox\\firefox.exe" "--marionette" "--headless" "--remote-debugging-port" "60073" "--remote-allow-hosts" "localhost" "-no-remote" "-profile" "C:\\Users\\Mike\\AppData\\Local\\Temp\\rust_mozprofilei4OD0n"
*** You are running in headless mode.
1670429489243	Marionette	INFO	Marionette enabled
[GFX1-]: RenderCompositorSWGL failed mapping default framebuffer, no dt
console.warn: SearchSettings: "get: No settings file exists, new profile?" (new NotFoundError("Could not open the file at C:\\Users\\Mike\\AppData\\Local\\Temp\\rust_mozprofilei4OD0n\\search.json.mozlz4", (void 0)))
DevTools listening on ws://localhost:60073/devtools/browser/36e2dbc6-ff8f-4ecd-81e3-eef536b4214c
1670429490495	Marionette	INFO	Listening on port 60078
1670429490954	RemoteAgent	WARN	TLS certificate errors will be ignored for this session
1670429497719	Marionette	INFO	Stopped listening on port 60078
JavaScript error: resource:///modules/Interactions.jsm, line 209: NS_ERROR_FAILURE: Component returned failure code: 0x80004005 (NS_ERROR_FAILURE) [nsIUserIdleService.removeIdleObserver]
!!! error running onStopped callback: TypeError: callback is not a function

###!!! [Parent][RunMessage] Error: Channel closing: too late to send/recv, messages will be lost

1670429498171	RemoteAgent	ERROR	unable to stop listener: [Exception... "Component returned failure code: 0x8000ffff (NS_ERROR_UNEXPECTED) [nsIWindowMediator.getEnumerator]"  nsresult: "0x8000ffff (NS_ERROR_UNEXPECTED)"  location: "JS frame :: chrome://remote/content/cdp/observers/TargetObserver.jsm :: stop :: line 64"  data: no] Stack trace: stop()@TargetObserver.jsm:64
unwatchForTabs()@TargetList.jsm:70
unwatchForTargets()@TargetList.jsm:37
destructor()@TargetList.jsm:109
stop()@CDP.jsm:104
close()@RemoteAgent.jsm:138
1670430507439	geckodriver	INFO	Listening on 127.0.0.1:60526
1670430510470	mozrunner::runner	INFO	Running command: "C:\\Program Files\\Mozilla Firefox\\firefox.exe" "--marionette" "--headless" "--remote-debugging-port" "60527" "--remote-allow-hosts" "localhost" "-no-remote" "-profile" "C:\\Users\\Mike\\AppData\\Local\\Temp\\rust_mozprofileRKUiny"
*** You are running in headless mode.
1670430510832	Marionette	INFO	Marionette enabled
[GFX1-]: RenderCompositorSWGL failed mapping default framebuffer, no dt
console.warn: SearchSettings: "get: No settings file exists, new profile?" (new NotFoundError("Could not open the file at C:\\Users\\Mike\\AppData\\Local\\Temp\\rust_mozprofileRKUiny\\search.json.mozlz4", (void 0)))
DevTools listening on ws://localhost:60527/devtools/browser/a2da0e0f-8f1e-46da-bbaa-89a4600ae2b3
1670430512606	Marionette	INFO	Listening on port 60534
1670430512659	RemoteAgent	WARN	TLS certificate errors will be ignored for this session
1670430519454	Marionette	INFO	Stopped listening on port 60534
JavaScript error: resource:///modules/Interactions.jsm, line 209: NS_ERROR_FAILURE: Component returned failure code: 0x80004005 (NS_ERROR_FAILURE) [nsIUserIdleService.removeIdleObserver]
!!! error running onStopped callback: TypeError: callback is not a function

###!!! [Parent][RunMessage] Error: Channel closing: too late to send/recv, messages will be lost

1670430519937	RemoteAgent	ERROR	unable to stop listener: [Exception... "Component returned failure code: 0x8000ffff (NS_ERROR_UNEXPECTED) [nsIWindowMediator.getEnumerator]"  nsresult: "0x8000ffff (NS_ERROR_UNEXPECTED)"  location: "JS frame :: chrome://remote/content/cdp/observers/TargetObserver.jsm :: stop :: line 64"  data: no] Stack trace: stop()@TargetObserver.jsm:64
unwatchForTabs()@TargetList.jsm:70
unwatchForTargets()@TargetList.jsm:37
destructor()@TargetList.jsm:109
stop()@CDP.jsm:104
close()@RemoteAgent.jsm:138
1670430713118	geckodriver	INFO	Listening on 127.0.0.1:60655
1670430716190	mozrunner::runner	INFO	Running command: "C:\\Program Files\\Mozilla Firefox\\firefox.exe" "--marionette" "--headless" "--remote-debugging-port" "60656" "--remote-allow-hosts" "localhost" "-no-remote" "-profile" "C:\\Users\\Mike\\AppData\\Local\\Temp\\rust_mozprofileddTRG9"
*** You are running in headless mode.
1670430716531	Marionette	INFO	Marionette enabled
[GFX1-]: RenderCompositorSWGL failed mapping default framebuffer, no dt
console.warn: SearchSettings: "get: No settings file exists, new profile?" (new NotFoundError("Could not open the file at C:\\Users\\Mike\\AppData\\Local\\Temp\\rust_mozprofileddTRG9\\search.json.mozlz4", (void 0)))
DevTools listening on ws://localhost:60656/devtools/browser/c532d00f-4ab1-4032-80a6-b38ab5928b2f
1670430718214	Marionette	INFO	Listening on port 60662
1670430718242	RemoteAgent	WARN	TLS certificate errors will be ignored for this session
1670430725339	Marionette	INFO	Stopped listening on port 60662
JavaScript error: resource:///modules/Interactions.jsm, line 209: NS_ERROR_FAILURE: Component returned failure code: 0x80004005 (NS_ERROR_FAILURE) [nsIUserIdleService.removeIdleObserver]
!!! error running onStopped callback: TypeError: callback is not a function

###!!! [Parent][RunMessage] Error: Channel closing: too late to send/recv, messages will be lost

1670430725750	RemoteAgent	ERROR	unable to stop listener: [Exception... "Component returned failure code: 0x8000ffff (NS_ERROR_UNEXPECTED) [nsIWindowMediator.getEnumerator]"  nsresult: "0x8000ffff (NS_ERROR_UNEXPECTED)"  location: "JS frame :: chrome://remote/content/cdp/observers/TargetObserver.jsm :: stop :: line 64"  data: no] Stack trace: stop()@TargetObserver.jsm:64
unwatchForTabs()@TargetList.jsm:70
unwatchForTargets()@TargetList.jsm:37
destructor()@TargetList.jsm:109
stop()@CDP.jsm:104
close()@RemoteAgent.jsm:138
1670430828977	geckodriver	INFO	Listening on 127.0.0.1:60770
1670430832020	mozrunner::runner	INFO	Running command: "C:\\Program Files\\Mozilla Firefox\\firefox.exe" "--marionette" "--headless" "--remote-debugging-port" "60771" "--remote-allow-hosts" "localhost" "-no-remote" "-profile" "C:\\Users\\Mike\\AppData\\Local\\Temp\\rust_mozprofileJ3RDWh"
*** You are running in headless mode.
1670430832367	Marionette	INFO	Marionette enabled
[GFX1-]: RenderCompositorSWGL failed mapping default framebuffer, no dt
console.warn: SearchSettings: "get: No settings file exists, new profile?" (new NotFoundError("Could not open the file at C:\\Users\\Mike\\AppData\\Local\\Temp\\rust_mozprofileJ3RDWh\\search.json.mozlz4", (void 0)))
DevTools listening on ws://localhost:60771/devtools/browser/df4f1b4a-00f9-42c7-b080-cb225beba7d4
1670430834473	Marionette	INFO	Listening on port 60776
1670430834696	RemoteAgent	WARN	TLS certificate errors will be ignored for this session
1670430842688	Marionette	INFO	Stopped listening on port 60776
JavaScript error: resource:///modules/Interactions.jsm, line 209: NS_ERROR_FAILURE: Component returned failure code: 0x80004005 (NS_ERROR_FAILURE) [nsIUserIdleService.removeIdleObserver]
!!! error running onStopped callback: TypeError: callback is not a function

###!!! [Parent][RunMessage] Error: Channel closing: too late to send/recv, messages will be lost

1670430843096	RemoteAgent	ERROR	unable to stop listener: [Exception... "Component returned failure code: 0x8000ffff (NS_ERROR_UNEXPECTED) [nsIWindowMediator.getEnumerator]"  nsresult: "0x8000ffff (NS_ERROR_UNEXPECTED)"  location: "JS frame :: chrome://remote/content/cdp/observers/TargetObserver.jsm :: stop :: line 64"  data: no] Stack trace: stop()@TargetObserver.jsm:64
unwatchForTabs()@TargetList.jsm:70
unwatchForTargets()@TargetList.jsm:37
destructor()@TargetList.jsm:109
stop()@CDP.jsm:104
close()@RemoteAgent.jsm:138
1670431457423	geckodriver	INFO	Listening on 127.0.0.1:60930
1670431460479	mozrunner::runner	INFO	Running command: "C:\\Program Files\\Mozilla Firefox\\firefox.exe" "--marionette" "--headless" "--remote-debugging-port" "60931" "--remote-allow-hosts" "localhost" "-no-remote" "-profile" "C:\\Users\\Mike\\AppData\\Local\\Temp\\rust_mozprofileBpOtzf"
*** You are running in headless mode.
1670431460863	Marionette	INFO	Marionette enabled
[GFX1-]: RenderCompositorSWGL failed mapping default framebuffer, no dt
console.warn: SearchSettings: "get: No settings file exists, new profile?" (new NotFoundError("Could not open the file at C:\\Users\\Mike\\AppData\\Local\\Temp\\rust_mozprofileBpOtzf\\search.json.mozlz4", (void 0)))
DevTools listening on ws://localhost:60931/devtools/browser/8e6b1bef-5358-40c8-a507-3d5576cc06e2
1670431463421	Marionette	INFO	Listening on port 60938
1670431463644	RemoteAgent	WARN	TLS certificate errors will be ignored for this session
1670431471503	Marionette	INFO	Stopped listening on port 60938
JavaScript error: resource:///modules/Interactions.jsm, line 209: NS_ERROR_FAILURE: Component returned failure code: 0x80004005 (NS_ERROR_FAILURE) [nsIUserIdleService.removeIdleObserver]
!!! error running onStopped callback: TypeError: callback is not a function

###!!! [Parent][RunMessage] Error: Channel closing: too late to send/recv, messages will be lost

1670431472071	RemoteAgent	ERROR	unable to stop listener: [Exception... "Component returned failure code: 0x8000ffff (NS_ERROR_UNEXPECTED) [nsIWindowMediator.getEnumerator]"  nsresult: "0x8000ffff (NS_ERROR_UNEXPECTED)"  location: "JS frame :: chrome://remote/content/cdp/observers/TargetObserver.jsm :: stop :: line 64"  data: no] Stack trace: stop()@TargetObserver.jsm:64
unwatchForTabs()@TargetList.jsm:70
unwatchForTargets()@TargetList.jsm:37
destructor()@TargetList.jsm:109
stop()@CDP.jsm:104
close()@RemoteAgent.jsm:138
1670431760094	geckodriver	INFO	Listening on 127.0.0.1:61096
1670431763142	mozrunner::runner	INFO	Running command: "C:\\Program Files\\Mozilla Firefox\\firefox.exe" "--marionette" "--headless" "--remote-debugging-port" "61097" "--remote-allow-hosts" "localhost" "-no-remote" "-profile" "C:\\Users\\Mike\\AppData\\Local\\Temp\\rust_mozprofileVB73RJ"
*** You are running in headless mode.
1670431763476	Marionette	INFO	Marionette enabled
[GFX1-]: RenderCompositorSWGL failed mapping default framebuffer, no dt
console.warn: SearchSettings: "get: No settings file exists, new profile?" (new NotFoundError("Could not open the file at C:\\Users\\Mike\\AppData\\Local\\Temp\\rust_mozprofileVB73RJ\\search.json.mozlz4", (void 0)))
DevTools listening on ws://localhost:61097/devtools/browser/84f20d9b-ad4b-42cb-b6ca-79bab1c0eebe
1670431764928	Marionette	INFO	Listening on port 61102
1670431765181	RemoteAgent	WARN	TLS certificate errors will be ignored for this session
1670431771694	Marionette	INFO	Stopped listening on port 61102
JavaScript error: resource:///modules/Interactions.jsm, line 209: NS_ERROR_FAILURE: Component returned failure code: 0x80004005 (NS_ERROR_FAILURE) [nsIUserIdleService.removeIdleObserver]
!!! error running onStopped callback: TypeError: callback is not a function

###!!! [Parent][RunMessage] Error: Channel closing: too late to send/recv, messages will be lost

1670431772096	RemoteAgent	ERROR	unable to stop listener: [Exception... "Component returned failure code: 0x8000ffff (NS_ERROR_UNEXPECTED) [nsIWindowMediator.getEnumerator]"  nsresult: "0x8000ffff (NS_ERROR_UNEXPECTED)"  location: "JS frame :: chrome://remote/content/cdp/observers/TargetObserver.jsm :: stop :: line 64"  data: no] Stack trace: stop()@TargetObserver.jsm:64
unwatchForTabs()@TargetList.jsm:70
unwatchForTargets()@TargetList.jsm:37
destructor()@TargetList.jsm:109
stop()@CDP.jsm:104
close()@RemoteAgent.jsm:138
1670431817443	geckodriver	INFO	Listening on 127.0.0.1:61212
1670431820455	mozrunner::runner	INFO	Running command: "C:\\Program Files\\Mozilla Firefox\\firefox.exe" "--marionette" "--headless" "--remote-debugging-port" "61213" "--remote-allow-hosts" "localhost" "-no-remote" "-profile" "C:\\Users\\Mike\\AppData\\Local\\Temp\\rust_mozprofilexz0fCx"
*** You are running in headless mode.
1670431820791	Marionette	INFO	Marionette enabled
[GFX1-]: RenderCompositorSWGL failed mapping default framebuffer, no dt
console.warn: SearchSettings: "get: No settings file exists, new profile?" (new NotFoundError("Could not open the file at C:\\Users\\Mike\\AppData\\Local\\Temp\\rust_mozprofilexz0fCx\\search.json.mozlz4", (void 0)))
DevTools listening on ws://localhost:61213/devtools/browser/77e5705e-4ab6-4e39-98bc-207b07a68bcb
1670431822369	Marionette	INFO	Listening on port 61219
1670431822488	RemoteAgent	WARN	TLS certificate errors will be ignored for this session
1670431829337	Marionette	INFO	Stopped listening on port 61219
JavaScript error: resource:///modules/Interactions.jsm, line 209: NS_ERROR_FAILURE: Component returned failure code: 0x80004005 (NS_ERROR_FAILURE) [nsIUserIdleService.removeIdleObserver]
!!! error running onStopped callback: TypeError: callback is not a function

###!!! [Parent][RunMessage] Error: Channel closing: too late to send/recv, messages will be lost

1670431829771	RemoteAgent	ERROR	unable to stop listener: [Exception... "Component returned failure code: 0x8000ffff (NS_ERROR_UNEXPECTED) [nsIWindowMediator.getEnumerator]"  nsresult: "0x8000ffff (NS_ERROR_UNEXPECTED)"  location: "JS frame :: chrome://remote/content/cdp/observers/TargetObserver.jsm :: stop :: line 64"  data: no] Stack trace: stop()@TargetObserver.jsm:64
unwatchForTabs()@TargetList.jsm:70
unwatchForTargets()@TargetList.jsm:37
destructor()@TargetList.jsm:109
stop()@CDP.jsm:104
close()@RemoteAgent.jsm:138
1670431914993	geckodriver	INFO	Listening on 127.0.0.1:61349
1670431918024	mozrunner::runner	INFO	Running command: "C:\\Program Files\\Mozilla Firefox\\firefox.exe" "--marionette" "--headless" "--remote-debugging-port" "61350" "--remote-allow-hosts" "localhost" "-no-remote" "-profile" "C:\\Users\\Mike\\AppData\\Local\\Temp\\rust_mozprofileWhCAWG"
*** You are running in headless mode.
1670431918365	Marionette	INFO	Marionette enabled
[GFX1-]: RenderCompositorSWGL failed mapping default framebuffer, no dt
console.warn: SearchSettings: "get: No settings file exists, new profile?" (new NotFoundError("Could not open the file at C:\\Users\\Mike\\AppData\\Local\\Temp\\rust_mozprofileWhCAWG\\search.json.mozlz4", (void 0)))
DevTools listening on ws://localhost:61350/devtools/browser/25d51398-e4d2-4432-925c-92896286e606
1670431919942	Marionette	INFO	Listening on port 61357
1670431920095	RemoteAgent	WARN	TLS certificate errors will be ignored for this session
1670431926531	Marionette	INFO	Stopped listening on port 61357
JavaScript error: resource:///modules/Interactions.jsm, line 209: NS_ERROR_FAILURE: Component returned failure code: 0x80004005 (NS_ERROR_FAILURE) [nsIUserIdleService.removeIdleObserver]
!!! error running onStopped callback: TypeError: callback is not a function

###!!! [Parent][RunMessage] Error: Channel closing: too late to send/recv, messages will be lost

1670431926970	RemoteAgent	ERROR	unable to stop listener: [Exception... "Component returned failure code: 0x8000ffff (NS_ERROR_UNEXPECTED) [nsIWindowMediator.getEnumerator]"  nsresult: "0x8000ffff (NS_ERROR_UNEXPECTED)"  location: "JS frame :: chrome://remote/content/cdp/observers/TargetObserver.jsm :: stop :: line 64"  data: no] Stack trace: stop()@TargetObserver.jsm:64
unwatchForTabs()@TargetList.jsm:70
unwatchForTargets()@TargetList.jsm:37
destructor()@TargetList.jsm:109
stop()@CDP.jsm:104
close()@RemoteAgent.jsm:138
1670431992904	geckodriver	INFO	Listening on 127.0.0.1:61459
1670431995953	mozrunner::runner	INFO	Running command: "C:\\Program Files\\Mozilla Firefox\\firefox.exe" "--marionette" "--headless" "--remote-debugging-port" "61460" "--remote-allow-hosts" "localhost" "-no-remote" "-profile" "C:\\Users\\Mike\\AppData\\Local\\Temp\\rust_mozprofileCHkJvy"
*** You are running in headless mode.
1670431996307	Marionette	INFO	Marionette enabled
[GFX1-]: RenderCompositorSWGL failed mapping default framebuffer, no dt
console.warn: SearchSettings: "get: No settings file exists, new profile?" (new NotFoundError("Could not open the file at C:\\Users\\Mike\\AppData\\Local\\Temp\\rust_mozprofileCHkJvy\\search.json.mozlz4", (void 0)))
DevTools listening on ws://localhost:61460/devtools/browser/0651621b-1310-4b9c-b858-83701fb0cf8a
1670431997848	Marionette	INFO	Listening on port 61465
1670431997996	RemoteAgent	WARN	TLS certificate errors will be ignored for this session
1670432004681	Marionette	INFO	Stopped listening on port 61465
JavaScript error: resource:///modules/Interactions.jsm, line 209: NS_ERROR_FAILURE: Component returned failure code: 0x80004005 (NS_ERROR_FAILURE) [nsIUserIdleService.removeIdleObserver]
!!! error running onStopped callback: TypeError: callback is not a function

###!!! [Parent][RunMessage] Error: Channel closing: too late to send/recv, messages will be lost

1670432005099	RemoteAgent	ERROR	unable to stop listener: [Exception... "Component returned failure code: 0x8000ffff (NS_ERROR_UNEXPECTED) [nsIWindowMediator.getEnumerator]"  nsresult: "0x8000ffff (NS_ERROR_UNEXPECTED)"  location: "JS frame :: chrome://remote/content/cdp/observers/TargetObserver.jsm :: stop :: line 64"  data: no] Stack trace: stop()@TargetObserver.jsm:64
unwatchForTabs()@TargetList.jsm:70
unwatchForTargets()@TargetList.jsm:37
destructor()@TargetList.jsm:109
stop()@CDP.jsm:104
close()@RemoteAgent.jsm:138
1670432074283	geckodriver	INFO	Listening on 127.0.0.1:61584
1670432077352	mozrunner::runner	INFO	Running command: "C:\\Program Files\\Mozilla Firefox\\firefox.exe" "--marionette" "--headless" "--remote-debugging-port" "61585" "--remote-allow-hosts" "localhost" "-no-remote" "-profile" "C:\\Users\\Mike\\AppData\\Local\\Temp\\rust_mozprofileUjICob"
*** You are running in headless mode.
1670432077681	Marionette	INFO	Marionette enabled
[GFX1-]: RenderCompositorSWGL failed mapping default framebuffer, no dt
console.warn: SearchSettings: "get: No settings file exists, new profile?" (new NotFoundError("Could not open the file at C:\\Users\\Mike\\AppData\\Local\\Temp\\rust_mozprofileUjICob\\search.json.mozlz4", (void 0)))
DevTools listening on ws://localhost:61585/devtools/browser/687cd37b-1829-47e9-a484-3e4c2cf6a159
1670432079041	Marionette	INFO	Listening on port 61592
1670432079404	RemoteAgent	WARN	TLS certificate errors will be ignored for this session
1670432085938	Marionette	INFO	Stopped listening on port 61592
JavaScript error: resource:///modules/Interactions.jsm, line 209: NS_ERROR_FAILURE: Component returned failure code: 0x80004005 (NS_ERROR_FAILURE) [nsIUserIdleService.removeIdleObserver]
!!! error running onStopped callback: TypeError: callback is not a function

###!!! [Parent][RunMessage] Error: Channel closing: too late to send/recv, messages will be lost

1670432086320	RemoteAgent	ERROR	unable to stop listener: [Exception... "Component returned failure code: 0x8000ffff (NS_ERROR_UNEXPECTED) [nsIWindowMediator.getEnumerator]"  nsresult: "0x8000ffff (NS_ERROR_UNEXPECTED)"  location: "JS frame :: chrome://remote/content/cdp/observers/TargetObserver.jsm :: stop :: line 64"  data: no] Stack trace: stop()@TargetObserver.jsm:64
unwatchForTabs()@TargetList.jsm:70
unwatchForTargets()@TargetList.jsm:37
destructor()@TargetList.jsm:109
stop()@CDP.jsm:104
close()@RemoteAgent.jsm:138
1670432446010	geckodriver	INFO	Listening on 127.0.0.1:61997
1670432449046	mozrunner::runner	INFO	Running command: "C:\\Program Files\\Mozilla Firefox\\firefox.exe" "--marionette" "--headless" "--remote-debugging-port" "61998" "--remote-allow-hosts" "localhost" "-no-remote" "-profile" "C:\\Users\\Mike\\AppData\\Local\\Temp\\rust_mozprofile4o6u74"
*** You are running in headless mode.
1670432449428	Marionette	INFO	Marionette enabled
[GFX1-]: RenderCompositorSWGL failed mapping default framebuffer, no dt
console.warn: SearchSettings: "get: No settings file exists, new profile?" (new NotFoundError("Could not open the file at C:\\Users\\Mike\\AppData\\Local\\Temp\\rust_mozprofile4o6u74\\search.json.mozlz4", (void 0)))
DevTools listening on ws://localhost:61998/devtools/browser/5f62e97d-fa9a-479b-b603-89b6a0f7145c
1670432451014	Marionette	INFO	Listening on port 62003
1670432451139	RemoteAgent	WARN	TLS certificate errors will be ignored for this session
1670432457169	Marionette	INFO	Stopped listening on port 62003
JavaScript error: resource:///modules/Interactions.jsm, line 209: NS_ERROR_FAILURE: Component returned failure code: 0x80004005 (NS_ERROR_FAILURE) [nsIUserIdleService.removeIdleObserver]
!!! error running onStopped callback: TypeError: callback is not a function

###!!! [Parent][RunMessage] Error: Channel closing: too late to send/recv, messages will be lost

1670432457643	RemoteAgent	ERROR	unable to stop listener: [Exception... "Component returned failure code: 0x8000ffff (NS_ERROR_UNEXPECTED) [nsIWindowMediator.getEnumerator]"  nsresult: "0x8000ffff (NS_ERROR_UNEXPECTED)"  location: "JS frame :: chrome://remote/content/cdp/observers/TargetObserver.jsm :: stop :: line 64"  data: no] Stack trace: stop()@TargetObserver.jsm:64
unwatchForTabs()@TargetList.jsm:70
unwatchForTargets()@TargetList.jsm:37
destructor()@TargetList.jsm:109
stop()@CDP.jsm:104
close()@RemoteAgent.jsm:138
1670433805465	geckodriver	INFO	Listening on 127.0.0.1:62488
1670433808510	mozrunner::runner	INFO	Running command: "C:\\Program Files\\Mozilla Firefox\\firefox.exe" "--marionette" "--headless" "--remote-debugging-port" "62489" "--remote-allow-hosts" "localhost" "-no-remote" "-profile" "C:\\Users\\Mike\\AppData\\Local\\Temp\\rust_mozprofileetV9Go"
*** You are running in headless mode.
1670433808835	Marionette	INFO	Marionette enabled
[GFX1-]: RenderCompositorSWGL failed mapping default framebuffer, no dt
console.warn: SearchSettings: "get: No settings file exists, new profile?" (new NotFoundError("Could not open the file at C:\\Users\\Mike\\AppData\\Local\\Temp\\rust_mozprofileetV9Go\\search.json.mozlz4", (void 0)))
DevTools listening on ws://localhost:62489/devtools/browser/9638dae5-d8cc-4800-8aae-03afc58a3de6
1670433810215	Marionette	INFO	Listening on port 62495
1670433810541	RemoteAgent	WARN	TLS certificate errors will be ignored for this session
1670433817134	Marionette	INFO	Stopped listening on port 62495
JavaScript error: resource:///modules/Interactions.jsm, line 209: NS_ERROR_FAILURE: Component returned failure code: 0x80004005 (NS_ERROR_FAILURE) [nsIUserIdleService.removeIdleObserver]
!!! error running onStopped callback: TypeError: callback is not a function
1670433817544	RemoteAgent	ERROR	unable to stop listener: [Exception... "Component returned failure code: 0x8000ffff (NS_ERROR_UNEXPECTED) [nsIWindowMediator.getEnumerator]"  nsresult: "0x8000ffff (NS_ERROR_UNEXPECTED)"  location: "JS frame :: chrome://remote/content/cdp/observers/TargetObserver.jsm :: stop :: line 64"  data: no] Stack trace: stop()@TargetObserver.jsm:64
unwatchForTabs()@TargetList.jsm:70
unwatchForTargets()@TargetList.jsm:37
destructor()@TargetList.jsm:109
stop()@CDP.jsm:104
close()@RemoteAgent.jsm:138
1670434028367	geckodriver	INFO	Listening on 127.0.0.1:62624
1670434031412	mozrunner::runner	INFO	Running command: "C:\\Program Files\\Mozilla Firefox\\firefox.exe" "--marionette" "--headless" "--remote-debugging-port" "62625" "--remote-allow-hosts" "localhost" "-no-remote" "-profile" "C:\\Users\\Mike\\AppData\\Local\\Temp\\rust_mozprofileSDu1nQ"
*** You are running in headless mode.
1670434031778	Marionette	INFO	Marionette enabled
[GFX1-]: RenderCompositorSWGL failed mapping default framebuffer, no dt
console.warn: SearchSettings: "get: No settings file exists, new profile?" (new NotFoundError("Could not open the file at C:\\Users\\Mike\\AppData\\Local\\Temp\\rust_mozprofileSDu1nQ\\search.json.mozlz4", (void 0)))
DevTools listening on ws://localhost:62625/devtools/browser/a5a7aca4-0a31-495c-bc7f-9eaca506d035
1670434033268	Marionette	INFO	Listening on port 62632
1670434033464	RemoteAgent	WARN	TLS certificate errors will be ignored for this session
1670434040240	Marionette	INFO	Stopped listening on port 62632
JavaScript error: resource:///modules/Interactions.jsm, line 209: NS_ERROR_FAILURE: Component returned failure code: 0x80004005 (NS_ERROR_FAILURE) [nsIUserIdleService.removeIdleObserver]
!!! error running onStopped callback: TypeError: callback is not a function

###!!! [Parent][RunMessage] Error: Channel closing: too late to send/recv, messages will be lost

1670434040695	RemoteAgent	ERROR	unable to stop listener: [Exception... "Component returned failure code: 0x8000ffff (NS_ERROR_UNEXPECTED) [nsIWindowMediator.getEnumerator]"  nsresult: "0x8000ffff (NS_ERROR_UNEXPECTED)"  location: "JS frame :: chrome://remote/content/cdp/observers/TargetObserver.jsm :: stop :: line 64"  data: no] Stack trace: stop()@TargetObserver.jsm:64
unwatchForTabs()@TargetList.jsm:70
unwatchForTargets()@TargetList.jsm:37
destructor()@TargetList.jsm:109
stop()@CDP.jsm:104
close()@RemoteAgent.jsm:138
1670434097586	geckodriver	INFO	Listening on 127.0.0.1:62737
1670434100621	mozrunner::runner	INFO	Running command: "C:\\Program Files\\Mozilla Firefox\\firefox.exe" "--marionette" "--headless" "--remote-debugging-port" "62738" "--remote-allow-hosts" "localhost" "-no-remote" "-profile" "C:\\Users\\Mike\\AppData\\Local\\Temp\\rust_mozprofilebXtery"
*** You are running in headless mode.
1670434101012	Marionette	INFO	Marionette enabled
[GFX1-]: RenderCompositorSWGL failed mapping default framebuffer, no dt
console.warn: SearchSettings: "get: No settings file exists, new profile?" (new NotFoundError("Could not open the file at C:\\Users\\Mike\\AppData\\Local\\Temp\\rust_mozprofilebXtery\\search.json.mozlz4", (void 0)))
DevTools listening on ws://localhost:62738/devtools/browser/ff37d6a3-5755-4a33-80fb-b7c5c802dc76
1670434102559	Marionette	INFO	Listening on port 62743
1670434102676	RemoteAgent	WARN	TLS certificate errors will be ignored for this session
1670434109217	Marionette	INFO	Stopped listening on port 62743
JavaScript error: resource:///modules/Interactions.jsm, line 209: NS_ERROR_FAILURE: Component returned failure code: 0x80004005 (NS_ERROR_FAILURE) [nsIUserIdleService.removeIdleObserver]
!!! error running onStopped callback: TypeError: callback is not a function

###!!! [Parent][RunMessage] Error: Channel closing: too late to send/recv, messages will be lost

1670434109694	RemoteAgent	ERROR	unable to stop listener: [Exception... "Component returned failure code: 0x8000ffff (NS_ERROR_UNEXPECTED) [nsIWindowMediator.getEnumerator]"  nsresult: "0x8000ffff (NS_ERROR_UNEXPECTED)"  location: "JS frame :: chrome://remote/content/cdp/observers/TargetObserver.jsm :: stop :: line 64"  data: no] Stack trace: stop()@TargetObserver.jsm:64
unwatchForTabs()@TargetList.jsm:70
unwatchForTargets()@TargetList.jsm:37
destructor()@TargetList.jsm:109
stop()@CDP.jsm:104
close()@RemoteAgent.jsm:138
1670434135693	geckodriver	INFO	Listening on 127.0.0.1:62852
1670434138721	mozrunner::runner	INFO	Running command: "C:\\Program Files\\Mozilla Firefox\\firefox.exe" "--marionette" "--headless" "--remote-debugging-port" "62853" "--remote-allow-hosts" "localhost" "-no-remote" "-profile" "C:\\Users\\Mike\\AppData\\Local\\Temp\\rust_mozprofilefFRs7H"
*** You are running in headless mode.
1670434139062	Marionette	INFO	Marionette enabled
[GFX1-]: RenderCompositorSWGL failed mapping default framebuffer, no dt
console.warn: SearchSettings: "get: No settings file exists, new profile?" (new NotFoundError("Could not open the file at C:\\Users\\Mike\\AppData\\Local\\Temp\\rust_mozprofilefFRs7H\\search.json.mozlz4", (void 0)))
DevTools listening on ws://localhost:62853/devtools/browser/fd8b87f7-eb35-40c5-b15c-d262a9bcf8b2
1670434140515	Marionette	INFO	Listening on port 62859
1670434140768	RemoteAgent	WARN	TLS certificate errors will be ignored for this session
1670434147178	Marionette	INFO	Stopped listening on port 62859
JavaScript error: resource:///modules/Interactions.jsm, line 209: NS_ERROR_FAILURE: Component returned failure code: 0x80004005 (NS_ERROR_FAILURE) [nsIUserIdleService.removeIdleObserver]
!!! error running onStopped callback: TypeError: callback is not a function

###!!! [Parent][RunMessage] Error: Channel closing: too late to send/recv, messages will be lost

1670434147671	RemoteAgent	ERROR	unable to stop listener: [Exception... "Component returned failure code: 0x8000ffff (NS_ERROR_UNEXPECTED) [nsIWindowMediator.getEnumerator]"  nsresult: "0x8000ffff (NS_ERROR_UNEXPECTED)"  location: "JS frame :: chrome://remote/content/cdp/observers/TargetObserver.jsm :: stop :: line 64"  data: no] Stack trace: stop()@TargetObserver.jsm:64
unwatchForTabs()@TargetList.jsm:70
unwatchForTargets()@TargetList.jsm:37
destructor()@TargetList.jsm:109
stop()@CDP.jsm:104
close()@RemoteAgent.jsm:138
1670434449415	geckodriver	INFO	Listening on 127.0.0.1:63111
1670434452464	mozrunner::runner	INFO	Running command: "C:\\Program Files\\Mozilla Firefox\\firefox.exe" "--marionette" "--headless" "--remote-debugging-port" "63112" "--remote-allow-hosts" "localhost" "-no-remote" "-profile" "C:\\Users\\Mike\\AppData\\Local\\Temp\\rust_mozprofile7Pgarc"
*** You are running in headless mode.
1670434452796	Marionette	INFO	Marionette enabled
[GFX1-]: RenderCompositorSWGL failed mapping default framebuffer, no dt
console.warn: SearchSettings: "get: No settings file exists, new profile?" (new NotFoundError("Could not open the file at C:\\Users\\Mike\\AppData\\Local\\Temp\\rust_mozprofile7Pgarc\\search.json.mozlz4", (void 0)))
DevTools listening on ws://localhost:63112/devtools/browser/237663c1-25d1-4bc8-a3f3-3ea42e9f73a1
1670434454161	Marionette	INFO	Listening on port 63124
1670434454512	RemoteAgent	WARN	TLS certificate errors will be ignored for this session
1670434461015	Marionette	INFO	Stopped listening on port 63124
JavaScript error: resource:///modules/Interactions.jsm, line 209: NS_ERROR_FAILURE: Component returned failure code: 0x80004005 (NS_ERROR_FAILURE) [nsIUserIdleService.removeIdleObserver]
!!! error running onStopped callback: TypeError: callback is not a function

###!!! [Parent][RunMessage] Error: Channel closing: too late to send/recv, messages will be lost

1670434461392	RemoteAgent	ERROR	unable to stop listener: [Exception... "Component returned failure code: 0x8000ffff (NS_ERROR_UNEXPECTED) [nsIWindowMediator.getEnumerator]"  nsresult: "0x8000ffff (NS_ERROR_UNEXPECTED)"  location: "JS frame :: chrome://remote/content/cdp/observers/TargetObserver.jsm :: stop :: line 64"  data: no] Stack trace: stop()@TargetObserver.jsm:64
unwatchForTabs()@TargetList.jsm:70
unwatchForTargets()@TargetList.jsm:37
destructor()@TargetList.jsm:109
stop()@CDP.jsm:104
close()@RemoteAgent.jsm:138
1670434572266	geckodriver	INFO	Listening on 127.0.0.1:63283
1670434575275	mozrunner::runner	INFO	Running command: "C:\\Program Files\\Mozilla Firefox\\firefox.exe" "--marionette" "--headless" "--remote-debugging-port" "63284" "--remote-allow-hosts" "localhost" "-no-remote" "-profile" "C:\\Users\\Mike\\AppData\\Local\\Temp\\rust_mozprofileUkzCRd"
*** You are running in headless mode.
1670434575629	Marionette	INFO	Marionette enabled
[GFX1-]: RenderCompositorSWGL failed mapping default framebuffer, no dt
console.warn: SearchSettings: "get: No settings file exists, new profile?" (new NotFoundError("Could not open the file at C:\\Users\\Mike\\AppData\\Local\\Temp\\rust_mozprofileUkzCRd\\search.json.mozlz4", (void 0)))
DevTools listening on ws://localhost:63284/devtools/browser/4fcc9154-f46a-4a8e-bb3e-dd5b809e343d
1670434577079	Marionette	INFO	Listening on port 63291
1670434577315	RemoteAgent	WARN	TLS certificate errors will be ignored for this session
1670434583672	Marionette	INFO	Stopped listening on port 63291
JavaScript error: resource:///modules/Interactions.jsm, line 209: NS_ERROR_FAILURE: Component returned failure code: 0x80004005 (NS_ERROR_FAILURE) [nsIUserIdleService.removeIdleObserver]
!!! error running onStopped callback: TypeError: callback is not a function

###!!! [Parent][RunMessage] Error: Channel closing: too late to send/recv, messages will be lost

1670434584102	RemoteAgent	ERROR	unable to stop listener: [Exception... "Component returned failure code: 0x8000ffff (NS_ERROR_UNEXPECTED) [nsIWindowMediator.getEnumerator]"  nsresult: "0x8000ffff (NS_ERROR_UNEXPECTED)"  location: "JS frame :: chrome://remote/content/cdp/observers/TargetObserver.jsm :: stop :: line 64"  data: no] Stack trace: stop()@TargetObserver.jsm:64
unwatchForTabs()@TargetList.jsm:70
unwatchForTargets()@TargetList.jsm:37
destructor()@TargetList.jsm:109
stop()@CDP.jsm:104
close()@RemoteAgent.jsm:138
1670434743686	geckodriver	INFO	Listening on 127.0.0.1:63419
1670434746737	mozrunner::runner	INFO	Running command: "C:\\Program Files\\Mozilla Firefox\\firefox.exe" "--marionette" "--headless" "--remote-debugging-port" "63420" "--remote-allow-hosts" "localhost" "-no-remote" "-profile" "C:\\Users\\Mike\\AppData\\Local\\Temp\\rust_mozprofileafeYOD"
*** You are running in headless mode.
1670434747100	Marionette	INFO	Marionette enabled
[GFX1-]: RenderCompositorSWGL failed mapping default framebuffer, no dt
console.warn: SearchSettings: "get: No settings file exists, new profile?" (new NotFoundError("Could not open the file at C:\\Users\\Mike\\AppData\\Local\\Temp\\rust_mozprofileafeYOD\\search.json.mozlz4", (void 0)))
DevTools listening on ws://localhost:63420/devtools/browser/80377404-627a-402a-809c-eafa7c74a951
1670434748444	Marionette	INFO	Listening on port 63430
1670434748789	RemoteAgent	WARN	TLS certificate errors will be ignored for this session
1670434755395	Marionette	INFO	Stopped listening on port 63430
JavaScript error: resource:///modules/Interactions.jsm, line 209: NS_ERROR_FAILURE: Component returned failure code: 0x80004005 (NS_ERROR_FAILURE) [nsIUserIdleService.removeIdleObserver]
!!! error running onStopped callback: TypeError: callback is not a function

###!!! [Parent][RunMessage] Error: Channel closing: too late to send/recv, messages will be lost

1670434755777	RemoteAgent	ERROR	unable to stop listener: [Exception... "Component returned failure code: 0x8000ffff (NS_ERROR_UNEXPECTED) [nsIWindowMediator.getEnumerator]"  nsresult: "0x8000ffff (NS_ERROR_UNEXPECTED)"  location: "JS frame :: chrome://remote/content/cdp/observers/TargetObserver.jsm :: stop :: line 64"  data: no] Stack trace: stop()@TargetObserver.jsm:64
unwatchForTabs()@TargetList.jsm:70
unwatchForTargets()@TargetList.jsm:37
destructor()@TargetList.jsm:109
stop()@CDP.jsm:104
close()@RemoteAgent.jsm:138
1670435425086	geckodriver	INFO	Listening on 127.0.0.1:61072
1670435428140	mozrunner::runner	INFO	Running command: "C:\\Program Files\\Mozilla Firefox\\firefox.exe" "--marionette" "--headless" "--remote-debugging-port" "61073" "--remote-allow-hosts" "localhost" "-no-remote" "-profile" "C:\\Users\\Mike\\AppData\\Local\\Temp\\rust_mozprofileLewHp6"
*** You are running in headless mode.
1670435428478	Marionette	INFO	Marionette enabled
[GFX1-]: RenderCompositorSWGL failed mapping default framebuffer, no dt
console.warn: SearchSettings: "get: No settings file exists, new profile?" (new NotFoundError("Could not open the file at C:\\Users\\Mike\\AppData\\Local\\Temp\\rust_mozprofileLewHp6\\search.json.mozlz4", (void 0)))
DevTools listening on ws://localhost:61073/devtools/browser/b7228cee-aa9a-4f58-b1c1-deae390038a1
1670435429997	Marionette	INFO	Listening on port 61080
1670435430200	RemoteAgent	WARN	TLS certificate errors will be ignored for this session
1670435436921	Marionette	INFO	Stopped listening on port 61080
JavaScript error: resource:///modules/Interactions.jsm, line 209: NS_ERROR_FAILURE: Component returned failure code: 0x80004005 (NS_ERROR_FAILURE) [nsIUserIdleService.removeIdleObserver]
!!! error running onStopped callback: TypeError: callback is not a function

###!!! [Parent][RunMessage] Error: Channel closing: too late to send/recv, messages will be lost

1670435437344	RemoteAgent	ERROR	unable to stop listener: [Exception... "Component returned failure code: 0x8000ffff (NS_ERROR_UNEXPECTED) [nsIWindowMediator.getEnumerator]"  nsresult: "0x8000ffff (NS_ERROR_UNEXPECTED)"  location: "JS frame :: chrome://remote/content/cdp/observers/TargetObserver.jsm :: stop :: line 64"  data: no] Stack trace: stop()@TargetObserver.jsm:64
unwatchForTabs()@TargetList.jsm:70
unwatchForTargets()@TargetList.jsm:37
destructor()@TargetList.jsm:109
stop()@CDP.jsm:104
close()@RemoteAgent.jsm:138
1670435563105	geckodriver	INFO	Listening on 127.0.0.1:56791
1670435566131	mozrunner::runner	INFO	Running command: "C:\\Program Files\\Mozilla Firefox\\firefox.exe" "--marionette" "--headless" "--remote-debugging-port" "56792" "--remote-allow-hosts" "localhost" "-no-remote" "-profile" "C:\\Users\\Mike\\AppData\\Local\\Temp\\rust_mozprofileO8VIDQ"
*** You are running in headless mode.
1670435566462	Marionette	INFO	Marionette enabled
[GFX1-]: RenderCompositorSWGL failed mapping default framebuffer, no dt
console.warn: SearchSettings: "get: No settings file exists, new profile?" (new NotFoundError("Could not open the file at C:\\Users\\Mike\\AppData\\Local\\Temp\\rust_mozprofileO8VIDQ\\search.json.mozlz4", (void 0)))
DevTools listening on ws://localhost:56792/devtools/browser/edc0aee1-35d5-4d0b-be05-c1e65d05b5bf
1670435568126	Marionette	INFO	Listening on port 56797
1670435568179	RemoteAgent	WARN	TLS certificate errors will be ignored for this session
1670435574638	Marionette	INFO	Stopped listening on port 56797
JavaScript error: resource:///modules/Interactions.jsm, line 209: NS_ERROR_FAILURE: Component returned failure code: 0x80004005 (NS_ERROR_FAILURE) [nsIUserIdleService.removeIdleObserver]
!!! error running onStopped callback: TypeError: callback is not a function

###!!! [Parent][RunMessage] Error: Channel closing: too late to send/recv, messages will be lost

1670435575094	RemoteAgent	ERROR	unable to stop listener: [Exception... "Component returned failure code: 0x8000ffff (NS_ERROR_UNEXPECTED) [nsIWindowMediator.getEnumerator]"  nsresult: "0x8000ffff (NS_ERROR_UNEXPECTED)"  location: "JS frame :: chrome://remote/content/cdp/observers/TargetObserver.jsm :: stop :: line 64"  data: no] Stack trace: stop()@TargetObserver.jsm:64
unwatchForTabs()@TargetList.jsm:70
unwatchForTargets()@TargetList.jsm:37
destructor()@TargetList.jsm:109
stop()@CDP.jsm:104
close()@RemoteAgent.jsm:138
1670436489033	geckodriver	INFO	Listening on 127.0.0.1:57185
1670436492064	mozrunner::runner	INFO	Running command: "C:\\Program Files\\Mozilla Firefox\\firefox.exe" "--marionette" "--headless" "--remote-debugging-port" "57186" "--remote-allow-hosts" "localhost" "-no-remote" "-profile" "C:\\Users\\Mike\\AppData\\Local\\Temp\\rust_mozprofilesFXvAm"
*** You are running in headless mode.
1670436492413	Marionette	INFO	Marionette enabled
[GFX1-]: RenderCompositorSWGL failed mapping default framebuffer, no dt
console.warn: SearchSettings: "get: No settings file exists, new profile?" (new NotFoundError("Could not open the file at C:\\Users\\Mike\\AppData\\Local\\Temp\\rust_mozprofilesFXvAm\\search.json.mozlz4", (void 0)))
DevTools listening on ws://localhost:57186/devtools/browser/a7bfe797-90a7-4636-ba14-f03b5baa5f17
1670436494081	Marionette	INFO	Listening on port 57193
1670436494127	RemoteAgent	WARN	TLS certificate errors will be ignored for this session
1670436503601	Marionette	INFO	Stopped listening on port 57193
JavaScript error: resource:///modules/Interactions.jsm, line 209: NS_ERROR_FAILURE: Component returned failure code: 0x80004005 (NS_ERROR_FAILURE) [nsIUserIdleService.removeIdleObserver]
!!! error running onStopped callback: TypeError: callback is not a function

###!!! [Parent][RunMessage] Error: Channel closing: too late to send/recv, messages will be lost

1670436504011	RemoteAgent	ERROR	unable to stop listener: [Exception... "Component returned failure code: 0x8000ffff (NS_ERROR_UNEXPECTED) [nsIWindowMediator.getEnumerator]"  nsresult: "0x8000ffff (NS_ERROR_UNEXPECTED)"  location: "JS frame :: chrome://remote/content/cdp/observers/TargetObserver.jsm :: stop :: line 64"  data: no] Stack trace: stop()@TargetObserver.jsm:64
unwatchForTabs()@TargetList.jsm:70
unwatchForTargets()@TargetList.jsm:37
destructor()@TargetList.jsm:109
stop()@CDP.jsm:104
close()@RemoteAgent.jsm:138
1670439769622	geckodriver	INFO	Listening on 127.0.0.1:60325
1670439772665	mozrunner::runner	INFO	Running command: "C:\\Program Files\\Mozilla Firefox\\firefox.exe" "--marionette" "--headless" "--remote-debugging-port" "60326" "--remote-allow-hosts" "localhost" "-no-remote" "-profile" "C:\\Users\\Mike\\AppData\\Local\\Temp\\rust_mozprofileszQybt"
*** You are running in headless mode.
1670439773007	Marionette	INFO	Marionette enabled
[GFX1-]: RenderCompositorSWGL failed mapping default framebuffer, no dt
console.warn: SearchSettings: "get: No settings file exists, new profile?" (new NotFoundError("Could not open the file at C:\\Users\\Mike\\AppData\\Local\\Temp\\rust_mozprofileszQybt\\search.json.mozlz4", (void 0)))
DevTools listening on ws://localhost:60326/devtools/browser/0ff56910-1a56-4723-b9f7-c9aaaaf7ca80
1670439774459	Marionette	INFO	Listening on port 60334
1670439774723	RemoteAgent	WARN	TLS certificate errors will be ignored for this session
1670439781254	Marionette	INFO	Stopped listening on port 60334
JavaScript error: resource:///modules/Interactions.jsm, line 209: NS_ERROR_FAILURE: Component returned failure code: 0x80004005 (NS_ERROR_FAILURE) [nsIUserIdleService.removeIdleObserver]
!!! error running onStopped callback: TypeError: callback is not a function

###!!! [Parent][RunMessage] Error: Channel closing: too late to send/recv, messages will be lost

1670439781698	RemoteAgent	ERROR	unable to stop listener: [Exception... "Component returned failure code: 0x8000ffff (NS_ERROR_UNEXPECTED) [nsIWindowMediator.getEnumerator]"  nsresult: "0x8000ffff (NS_ERROR_UNEXPECTED)"  location: "JS frame :: chrome://remote/content/cdp/observers/TargetObserver.jsm :: stop :: line 64"  data: no] Stack trace: stop()@TargetObserver.jsm:64
unwatchForTabs()@TargetList.jsm:70
unwatchForTargets()@TargetList.jsm:37
destructor()@TargetList.jsm:109
stop()@CDP.jsm:104
close()@RemoteAgent.jsm:138
1670456242382	geckodriver	INFO	Listening on 127.0.0.1:61717
1670456245411	mozrunner::runner	INFO	Running command: "C:\\Program Files\\Mozilla Firefox\\firefox.exe" "--marionette" "--headless" "--remote-debugging-port" "61718" "--remote-allow-hosts" "localhost" "-no-remote" "-profile" "C:\\Users\\Mike\\AppData\\Local\\Temp\\rust_mozprofileg2XBtX"
*** You are running in headless mode.
1670456246265	Marionette	INFO	Marionette enabled
[GFX1-]: RenderCompositorSWGL failed mapping default framebuffer, no dt
console.warn: SearchSettings: "get: No settings file exists, new profile?" (new NotFoundError("Could not open the file at C:\\Users\\Mike\\AppData\\Local\\Temp\\rust_mozprofileg2XBtX\\search.json.mozlz4", (void 0)))
DevTools listening on ws://localhost:61718/devtools/browser/7ddc6bde-2dba-424e-9e04-f4c69ea5183b
1670456248439	Marionette	INFO	Listening on port 61727
1670456248600	RemoteAgent	WARN	TLS certificate errors will be ignored for this session
1670456255415	Marionette	INFO	Stopped listening on port 61727
JavaScript error: resource:///modules/Interactions.jsm, line 209: NS_ERROR_FAILURE: Component returned failure code: 0x80004005 (NS_ERROR_FAILURE) [nsIUserIdleService.removeIdleObserver]
!!! error running onStopped callback: TypeError: callback is not a function

###!!! [Parent][RunMessage] Error: Channel closing: too late to send/recv, messages will be lost

1670456255957	RemoteAgent	ERROR	unable to stop listener: [Exception... "Component returned failure code: 0x8000ffff (NS_ERROR_UNEXPECTED) [nsIWindowMediator.getEnumerator]"  nsresult: "0x8000ffff (NS_ERROR_UNEXPECTED)"  location: "JS frame :: chrome://remote/content/cdp/observers/TargetObserver.jsm :: stop :: line 64"  data: no] Stack trace: stop()@TargetObserver.jsm:64
unwatchForTabs()@TargetList.jsm:70
unwatchForTargets()@TargetList.jsm:37
destructor()@TargetList.jsm:109
stop()@CDP.jsm:104
close()@RemoteAgent.jsm:138
1670456436940	geckodriver	INFO	Listening on 127.0.0.1:61844
1670456439982	mozrunner::runner	INFO	Running command: "C:\\Program Files\\Mozilla Firefox\\firefox.exe" "--marionette" "--headless" "--remote-debugging-port" "61845" "--remote-allow-hosts" "localhost" "-no-remote" "-profile" "C:\\Users\\Mike\\AppData\\Local\\Temp\\rust_mozprofile1iSd1s"
*** You are running in headless mode.
1670456440351	Marionette	INFO	Marionette enabled
[GFX1-]: RenderCompositorSWGL failed mapping default framebuffer, no dt
console.warn: SearchSettings: "get: No settings file exists, new profile?" (new NotFoundError("Could not open the file at C:\\Users\\Mike\\AppData\\Local\\Temp\\rust_mozprofile1iSd1s\\search.json.mozlz4", (void 0)))
DevTools listening on ws://localhost:61845/devtools/browser/c470ce0f-cdd8-4c54-9649-1551b668a8bb
1670456441794	Marionette	INFO	Listening on port 61850
1670456442031	RemoteAgent	WARN	TLS certificate errors will be ignored for this session
1670456448462	Marionette	INFO	Stopped listening on port 61850
JavaScript error: resource:///modules/Interactions.jsm, line 209: NS_ERROR_FAILURE: Component returned failure code: 0x80004005 (NS_ERROR_FAILURE) [nsIUserIdleService.removeIdleObserver]
!!! error running onStopped callback: TypeError: callback is not a function
1670456448912	RemoteAgent	ERROR	unable to stop listener: [Exception... "Component returned failure code: 0x8000ffff (NS_ERROR_UNEXPECTED) [nsIWindowMediator.getEnumerator]"  nsresult: "0x8000ffff (NS_ERROR_UNEXPECTED)"  location: "JS frame :: chrome://remote/content/cdp/observers/TargetObserver.jsm :: stop :: line 64"  data: no] Stack trace: stop()@TargetObserver.jsm:64
unwatchForTabs()@TargetList.jsm:70
unwatchForTargets()@TargetList.jsm:37
destructor()@TargetList.jsm:109
stop()@CDP.jsm:104
close()@RemoteAgent.jsm:138
1670457419797	geckodriver	INFO	Listening on 127.0.0.1:62054
1670457422855	mozrunner::runner	INFO	Running command: "C:\\Program Files\\Mozilla Firefox\\firefox.exe" "--marionette" "--headless" "--remote-debugging-port" "62055" "--remote-allow-hosts" "localhost" "-no-remote" "-profile" "C:\\Users\\Mike\\AppData\\Local\\Temp\\rust_mozprofilejIYZwh"
*** You are running in headless mode.
1670457423197	Marionette	INFO	Marionette enabled
[GFX1-]: RenderCompositorSWGL failed mapping default framebuffer, no dt
console.warn: SearchSettings: "get: No settings file exists, new profile?" (new NotFoundError("Could not open the file at C:\\Users\\Mike\\AppData\\Local\\Temp\\rust_mozprofilejIYZwh\\search.json.mozlz4", (void 0)))
DevTools listening on ws://localhost:62055/devtools/browser/c5277075-60c5-4a9d-b80a-2d24da90e6c6
1670457424670	Marionette	INFO	Listening on port 62061
1670457424915	RemoteAgent	WARN	TLS certificate errors will be ignored for this session
1670457431323	Marionette	INFO	Stopped listening on port 62061
JavaScript error: resource:///modules/Interactions.jsm, line 209: NS_ERROR_FAILURE: Component returned failure code: 0x80004005 (NS_ERROR_FAILURE) [nsIUserIdleService.removeIdleObserver]
!!! error running onStopped callback: TypeError: callback is not a function

###!!! [Parent][RunMessage] Error: Channel closing: too late to send/recv, messages will be lost

1670457431764	RemoteAgent	ERROR	unable to stop listener: [Exception... "Component returned failure code: 0x8000ffff (NS_ERROR_UNEXPECTED) [nsIWindowMediator.getEnumerator]"  nsresult: "0x8000ffff (NS_ERROR_UNEXPECTED)"  location: "JS frame :: chrome://remote/content/cdp/observers/TargetObserver.jsm :: stop :: line 64"  data: no] Stack trace: stop()@TargetObserver.jsm:64
unwatchForTabs()@TargetList.jsm:70
unwatchForTargets()@TargetList.jsm:37
destructor()@TargetList.jsm:109
stop()@CDP.jsm:104
close()@RemoteAgent.jsm:138
